TVCamera/build/outputs/logs/manifest-merger-release-report.txt
-- Merging decision tree log ---
manifest
ADDED from AndroidManifest.xml:2:1
	xmlns:android
		ADDED from AndroidManifest.xml:2:11
	package
		ADDED from AndroidManifest.xml:3:5
	android:versionName
		INJECTED from AndroidManifest.xml:0:0
		INJECTED from AndroidManifest.xml:0:0
	android:versionCode
		INJECTED from AndroidManifest.xml:0:0
		INJECTED from AndroidManifest.xml:0:0
uses-sdk
ADDED from AndroidManifest.xml:5:5
	android:targetSdkVersion
		ADDED from AndroidManifest.xml:7:9
		INJECTED from AndroidManifest.xml:0:0
		INJECTED from AndroidManifest.xml:0:0
	android:minSdkVersion
		ADDED from AndroidManifest.xml:6:9
		INJECTED from AndroidManifest.xml:0:0
		INJECTED from AndroidManifest.xml:0:0
uses-permission#android.permission.RECORD_AUDIO
ADDED from AndroidManifest.xml:9:5
	android:name
		ADDED from AndroidManifest.xml:9:22
uses-permission#android.permission.WRITE_EXTERNAL_STORAGE
ADDED from AndroidManifest.xml:10:5
	android:name
		ADDED from AndroidManifest.xml:10:22
uses-permission#android.permission.RECEIVE_BOOT_COMPLETED
ADDED from AndroidManifest.xml:11:5
	android:name
		ADDED from AndroidManifest.xml:11:22
uses-permission#android.permission.REAL_GET_TASKS
ADDED from AndroidManifest.xml:12:5
	android:name
		ADDED from AndroidManifest.xml:12:22
uses-permission#android.permission.WRITE_MEDIA_STORAGE
ADDED from AndroidManifest.xml:13:5
	android:name
		ADDED from AndroidManifest.xml:13:22
uses-permission#com.sony.dtv.tvplayer.permission.DECIMATE
ADDED from AndroidManifest.xml:14:5
	android:name
		ADDED from AndroidManifest.xml:14:22
uses-permission#android.permission.SYSTEM_ALERT_WINDOW
ADDED from AndroidManifest.xml:15:5
	android:name
		ADDED from AndroidManifest.xml:15:22
uses-permission#com.sony.dtv.tvinput.provider.permission.READ_DATA
ADDED from AndroidManifest.xml:16:5
	android:name
		ADDED from AndroidManifest.xml:16:22
uses-permission#com.sony.dtv.permission.READ_MODEL_VARIATION_INFO
ADDED from AndroidManifest.xml:17:5
	android:name
		ADDED from AndroidManifest.xml:17:22
uses-permission#com.sony.dtv.camerarecognitionservice.permission.USE_RECOGNITION_SERVICE
ADDED from AndroidManifest.xml:18:5
	android:name
		ADDED from AndroidManifest.xml:18:22
uses-permission#android.permission.CAMERA
ADDED from AndroidManifest.xml:19:5
	android:name
		ADDED from AndroidManifest.xml:19:22
uses-feature#android.hardware.camera
ADDED from AndroidManifest.xml:20:5
	android:name
		ADDED from AndroidManifest.xml:20:19
uses-permission#android.permission.WAKE_LOCK
ADDED from AndroidManifest.xml:21:5
	android:name
		ADDED from AndroidManifest.xml:21:22
uses-permission#android.permission.DEVICE_POWER
ADDED from AndroidManifest.xml:22:5
	android:name
		ADDED from AndroidManifest.xml:22:22
uses-permission#com.sony.dtv.permission.MTPF
ADDED from AndroidManifest.xml:23:5
	android:name
		ADDED from AndroidManifest.xml:23:22
application
ADDED from AndroidManifest.xml:25:5
	android:label
		ADDED from AndroidManifest.xml:30:9
	android:allowBackup
		ADDED from AndroidManifest.xml:27:9
	android:icon
		ADDED from AndroidManifest.xml:29:9
	android:theme
		ADDED from AndroidManifest.xml:31:9
	android:name
		ADDED from AndroidManifest.xml:26:9
	android:banner
		ADDED from AndroidManifest.xml:28:9
provider#android.support.v4.content.FileProvider
ADDED from AndroidManifest.xml:33:9
	android:grantUriPermissions
		ADDED from AndroidManifest.xml:36:13
	android:exported
		ADDED from AndroidManifest.xml:37:13
	android:authorities
		ADDED from AndroidManifest.xml:35:13
	android:name
		ADDED from AndroidManifest.xml:34:13
meta-data#android.support.FILE_PROVIDER_PATHS
ADDED from AndroidManifest.xml:38:13
	android:resource
		ADDED from AndroidManifest.xml:40:17
	android:name
		ADDED from AndroidManifest.xml:39:17
uses-library#com.sony.dtv.tvinput.provider.util
ADDED from AndroidManifest.xml:43:9
	android:name
		ADDED from AndroidManifest.xml:43:23
uses-library#com.sony.dtv.camerarecognition
ADDED from AndroidManifest.xml:44:9
	android:name
		ADDED from AndroidManifest.xml:44:23
activity#com.sony.dtv.tvcamera.app.PreMainActivity
ADDED from AndroidManifest.xml:46:9
	android:screenOrientation
		ADDED from AndroidManifest.xml:51:13
	android:label
		ADDED from AndroidManifest.xml:50:13
	android:configChanges
		ADDED from AndroidManifest.xml:48:13
	android:theme
		ADDED from AndroidManifest.xml:53:13
	android:taskAffinity
		ADDED from AndroidManifest.xml:52:13
	android:name
		ADDED from AndroidManifest.xml:47:13
	android:launchMode
		ADDED from AndroidManifest.xml:49:13
intent-filter#android.intent.action.MAIN+android.intent.category.LEANBACK_LAUNCHER
ADDED from AndroidManifest.xml:54:13
action#android.intent.action.MAIN
ADDED from AndroidManifest.xml:55:17
	android:name
		ADDED from AndroidManifest.xml:55:25
category#android.intent.category.LEANBACK_LAUNCHER
ADDED from AndroidManifest.xml:56:17
	android:name
		ADDED from AndroidManifest.xml:56:27
activity#com.sony.dtv.tvcamera.app.MirrorActivity
ADDED from AndroidManifest.xml:60:9
	android:label
		ADDED from AndroidManifest.xml:64:13
	android:configChanges
		ADDED from AndroidManifest.xml:62:13
	android:theme
		ADDED from AndroidManifest.xml:65:13
	android:name
		ADDED from AndroidManifest.xml:61:13
	android:finishOnTaskLaunch
		ADDED from AndroidManifest.xml:63:13
activity#com.sony.dtv.tvcamera.app.PhotoActivity
ADDED from AndroidManifest.xml:66:9
	android:label
		ADDED from AndroidManifest.xml:69:13
	android:configChanges
		ADDED from AndroidManifest.xml:68:13
	android:theme
		ADDED from AndroidManifest.xml:70:13
	android:name
		ADDED from AndroidManifest.xml:67:13
activity#com.sony.dtv.tvcamera.app.EnjoyActivity
ADDED from AndroidManifest.xml:71:9
	android:configChanges
		ADDED from AndroidManifest.xml:73:13
	android:taskAffinity
		ADDED from AndroidManifest.xml:74:13
	android:name
		ADDED from AndroidManifest.xml:72:13
activity#com.sony.dtv.tvcamera.app.SmileIntroActivity
ADDED from AndroidManifest.xml:75:9
	android:configChanges
		ADDED from AndroidManifest.xml:77:13
	android:theme
		ADDED from AndroidManifest.xml:79:13
	android:taskAffinity
		ADDED from AndroidManifest.xml:78:13
	android:name
		ADDED from AndroidManifest.xml:76:13
activity#com.sony.dtv.tvcamera.app.SecCameraIntroActivity
ADDED from AndroidManifest.xml:80:9
	android:configChanges
		ADDED from AndroidManifest.xml:82:13
	android:theme
		ADDED from AndroidManifest.xml:84:13
	android:taskAffinity
		ADDED from AndroidManifest.xml:83:13
	android:name
		ADDED from AndroidManifest.xml:81:13
activity#com.sony.dtv.tvcamera.app.SettingActivity
ADDED from AndroidManifest.xml:85:9
	android:configChanges
		ADDED from AndroidManifest.xml:87:13
	android:name
		ADDED from AndroidManifest.xml:86:13
	android:finishOnTaskLaunch
		ADDED from AndroidManifest.xml:88:13
activity#com.sony.dtv.tvcamera.app.PhotoSettingActivity
ADDED from AndroidManifest.xml:89:9
	android:configChanges
		ADDED from AndroidManifest.xml:91:13
	android:name
		ADDED from AndroidManifest.xml:90:13
	android:finishOnTaskLaunch
		ADDED from AndroidManifest.xml:92:13
activity#com.sony.dtv.tvcamera.app.TVCameraSettingActivity
ADDED from AndroidManifest.xml:93:9
	android:configChanges
		ADDED from AndroidManifest.xml:95:13
	android:taskAffinity
		ADDED from AndroidManifest.xml:96:13
	android:name
		ADDED from AndroidManifest.xml:94:13
activity#com.sony.dtv.tvcamera.app.permission.CriticalPermissionPromptActivity
ADDED from AndroidManifest.xml:97:9
	android:configChanges
		ADDED from AndroidManifest.xml:99:13
	android:name
		ADDED from AndroidManifest.xml:98:13
	android:finishOnTaskLaunch
		ADDED from AndroidManifest.xml:100:13
activity#com.sony.dtv.tvcamera.app.permission.NoncriticalPermissionPromptActivity
ADDED from AndroidManifest.xml:101:9
	android:configChanges
		ADDED from AndroidManifest.xml:103:13
	android:name
		ADDED from AndroidManifest.xml:102:13
	android:finishOnTaskLaunch
		ADDED from AndroidManifest.xml:104:13
activity#com.sony.dtv.tvcamera.app.permission.ManageCriticalPermissionExtActivity
ADDED from AndroidManifest.xml:105:9
	android:configChanges
		ADDED from AndroidManifest.xml:108:13
	android:theme
		ADDED from AndroidManifest.xml:107:13
	android:name
		ADDED from AndroidManifest.xml:106:13
	android:finishOnTaskLaunch
		ADDED from AndroidManifest.xml:109:13
service#com.sony.dtv.tvcamera.extension.TvAppExtension
ADDED from AndroidManifest.xml:111:9
	android:exported
		ADDED from AndroidManifest.xml:114:13
	android:enabled
		ADDED from AndroidManifest.xml:113:13
	android:name
		ADDED from AndroidManifest.xml:112:13
intent-filter#com.sony.dtv.action.extension
ADDED from AndroidManifest.xml:115:13
action#com.sony.dtv.action.extension
ADDED from AndroidManifest.xml:116:17
	android:name
		ADDED from AndroidManifest.xml:116:25
meta-data#extension-data
ADDED from AndroidManifest.xml:119:13
	android:resource
		ADDED from AndroidManifest.xml:121:17
	android:name
		ADDED from AndroidManifest.xml:120:17
service#com.sony.dtv.tvcamera.extension.CameraExtension
ADDED from AndroidManifest.xml:123:9
	android:exported
		ADDED from AndroidManifest.xml:126:13
	android:enabled
		ADDED from AndroidManifest.xml:125:13
	android:name
		ADDED from AndroidManifest.xml:124:13
service#com.sony.dtv.tvcamera.extension.PhotoExtension
ADDED from AndroidManifest.xml:135:9
	android:exported
		ADDED from AndroidManifest.xml:138:13
	android:enabled
		ADDED from AndroidManifest.xml:137:13
	android:name
		ADDED from AndroidManifest.xml:136:13
service#com.sony.dtv.tvcamera.app.CameraRecognitionService
ADDED from AndroidManifest.xml:148:9
	android:name
		ADDED from AndroidManifest.xml:148:18
service#com.sony.dtv.tvcamera.app.SecurityCameraService
ADDED from AndroidManifest.xml:149:9
	android:name
		ADDED from AndroidManifest.xml:149:18
service#com.sony.dtv.tvcamera.app.SonyCameraNotifyService
ADDED from AndroidManifest.xml:151:9
	android:name
		ADDED from AndroidManifest.xml:151:18
receiver#com.sony.dtv.tvcamera.notification.BootReceiver
ADDED from AndroidManifest.xml:153:9
	android:name
		ADDED from AndroidManifest.xml:153:19
intent-filter#android.intent.action.BOOT_COMPLETED+android.intent.action.LOCALE_CHANGED
ADDED from AndroidManifest.xml:154:13
action#android.intent.action.BOOT_COMPLETED
ADDED from AndroidManifest.xml:155:17
	android:name
		ADDED from AndroidManifest.xml:155:25
action#android.intent.action.LOCALE_CHANGED
ADDED from AndroidManifest.xml:156:17
	android:name
		ADDED from AndroidManifest.xml:156:25